The system is: Linux - 2.6.31-21-generic-pae - i686
Compiling the C compiler identification source file "CMakeCCompilerId.c" succeeded.
Compiler: /usr/bin/gcc 
Build flags: 
Id flags: 

The output was:
0


Compilation of the C compiler identification source "CMakeCCompilerId.c" produced "a.out"

The C compiler identification is GNU, found in "/home/softcoder/Code/mojosetup/build/CMakeFiles/CompilerIdC/a.out"

Determining if the C compiler works passed with the following output:
Change Dir: /home/softcoder/Code/mojosetup/build/CMakeFiles/CMakeTmp

Run Build Command:/usr/bin/make "cmTryCompileExec/fast"
/usr/bin/make -f CMakeFiles/cmTryCompileExec.dir/build.make CMakeFiles/cmTryCompileExec.dir/build
make[1]: Entering directory `/home/softcoder/Code/mojosetup/build/CMakeFiles/CMakeTmp'
/usr/bin/cmake -E cmake_progress_report /home/softcoder/Code/mojosetup/build/CMakeFiles/CMakeTmp/CMakeFiles 1
Building C object CMakeFiles/cmTryCompileExec.dir/testCCompiler.c.o
/usr/bin/gcc    -o CMakeFiles/cmTryCompileExec.dir/testCCompiler.c.o   -c /home/softcoder/Code/mojosetup/build/CMakeFiles/CMakeTmp/testCCompiler.c
Linking C executable cmTryCompileExec
/usr/bin/cmake -E cmake_link_script CMakeFiles/cmTryCompileExec.dir/link.txt --verbose=1
/usr/bin/gcc        CMakeFiles/cmTryCompileExec.dir/testCCompiler.c.o  -o cmTryCompileExec -rdynamic 
make[1]: Leaving directory `/home/softcoder/Code/mojosetup/build/CMakeFiles/CMakeTmp'


Detecting C compiler ABI info compiled with the following output:
Change Dir: /home/softcoder/Code/mojosetup/build/CMakeFiles/CMakeTmp

Run Build Command:/usr/bin/make "cmTryCompileExec/fast"
/usr/bin/make -f CMakeFiles/cmTryCompileExec.dir/build.make CMakeFiles/cmTryCompileExec.dir/build
make[1]: Entering directory `/home/softcoder/Code/mojosetup/build/CMakeFiles/CMakeTmp'
/usr/bin/cmake -E cmake_progress_report /home/softcoder/Code/mojosetup/build/CMakeFiles/CMakeTmp/CMakeFiles 1
Building C object CMakeFiles/cmTryCompileExec.dir/CMakeCCompilerABI.c.o
/usr/bin/gcc    -o CMakeFiles/cmTryCompileExec.dir/CMakeCCompilerABI.c.o   -c /usr/share/cmake-2.8/Modules/CMakeCCompilerABI.c
Linking C executable cmTryCompileExec
/usr/bin/cmake -E cmake_link_script CMakeFiles/cmTryCompileExec.dir/link.txt --verbose=1
/usr/bin/gcc       -v CMakeFiles/cmTryCompileExec.dir/CMakeCCompilerABI.c.o  -o cmTryCompileExec -rdynamic  
Using built-in specs.
Target: i486-linux-gnu
Configured with: ../src/configure -v --with-pkgversion='Ubuntu 4.4.1-4ubuntu9' --with-bugurl=file:///usr/share/doc/gcc-4.4/README.Bugs --enable-languages=c,c++,fortran,objc,obj-c++ --prefix=/usr --enable-shared --enable-multiarch --enable-linker-build-id --with-system-zlib --libexecdir=/usr/lib --without-included-gettext --enable-threads=posix --with-gxx-include-dir=/usr/include/c++/4.4 --program-suffix=-4.4 --enable-nls --enable-clocale=gnu --enable-libstdcxx-debug --enable-objc-gc --enable-targets=all --disable-werror --with-arch-32=i486 --with-tune=generic --enable-checking=release --build=i486-linux-gnu --host=i486-linux-gnu --target=i486-linux-gnu
Thread model: posix
gcc version 4.4.1 (Ubuntu 4.4.1-4ubuntu9) 
COMPILER_PATH=/usr/lib/gcc/i486-linux-gnu/4.4.1/:/usr/lib/gcc/i486-linux-gnu/4.4.1/:/usr/lib/gcc/i486-linux-gnu/:/usr/lib/gcc/i486-linux-gnu/4.4.1/:/usr/lib/gcc/i486-linux-gnu/:/usr/lib/gcc/i486-linux-gnu/4.4.1/:/usr/lib/gcc/i486-linux-gnu/
LIBRARY_PATH=/usr/lib/gcc/i486-linux-gnu/4.4.1/:/usr/lib/gcc/i486-linux-gnu/4.4.1/:/usr/lib/gcc/i486-linux-gnu/4.4.1/../../../../lib/:/lib/../lib/:/usr/lib/../lib/:/usr/lib/gcc/i486-linux-gnu/4.4.1/../../../:/lib/:/usr/lib/:/usr/lib/i486-linux-gnu/
COLLECT_GCC_OPTIONS='-v' '-o' 'cmTryCompileExec' '-rdynamic' '-mtune=generic' '-march=i486'
 /usr/lib/gcc/i486-linux-gnu/4.4.1/collect2 --build-id --eh-frame-hdr -m elf_i386 --hash-style=both -export-dynamic -dynamic-linker /lib/ld-linux.so.2 -o cmTryCompileExec -z relro /usr/lib/gcc/i486-linux-gnu/4.4.1/../../../../lib/crt1.o /usr/lib/gcc/i486-linux-gnu/4.4.1/../../../../lib/crti.o /usr/lib/gcc/i486-linux-gnu/4.4.1/crtbegin.o -L/usr/lib/gcc/i486-linux-gnu/4.4.1 -L/usr/lib/gcc/i486-linux-gnu/4.4.1 -L/usr/lib/gcc/i486-linux-gnu/4.4.1/../../../../lib -L/lib/../lib -L/usr/lib/../lib -L/usr/lib/gcc/i486-linux-gnu/4.4.1/../../.. -L/usr/lib/i486-linux-gnu CMakeFiles/cmTryCompileExec.dir/CMakeCCompilerABI.c.o -lgcc --as-needed -lgcc_s --no-as-needed -lc -lgcc --as-needed -lgcc_s --no-as-needed /usr/lib/gcc/i486-linux-gnu/4.4.1/crtend.o /usr/lib/gcc/i486-linux-gnu/4.4.1/../../../../lib/crtn.o
make[1]: Leaving directory `/home/softcoder/Code/mojosetup/build/CMakeFiles/CMakeTmp'


Parsed C implicit link information from above output:
  link line regex: [^( *|.*[/\])(ld|ld|collect2)[^/\]*( |$)]
  ignore line: [Change Dir: /home/softcoder/Code/mojosetup/build/CMakeFiles/CMakeTmp]
  ignore line: []
  ignore line: [Run Build Command:/usr/bin/make "cmTryCompileExec/fast"]
  ignore line: [/usr/bin/make -f CMakeFiles/cmTryCompileExec.dir/build.make CMakeFiles/cmTryCompileExec.dir/build]
  ignore line: [make[1]: Entering directory `/home/softcoder/Code/mojosetup/build/CMakeFiles/CMakeTmp']
  ignore line: [/usr/bin/cmake -E cmake_progress_report /home/softcoder/Code/mojosetup/build/CMakeFiles/CMakeTmp/CMakeFiles 1]
  ignore line: [Building C object CMakeFiles/cmTryCompileExec.dir/CMakeCCompilerABI.c.o]
  ignore line: [/usr/bin/gcc    -o CMakeFiles/cmTryCompileExec.dir/CMakeCCompilerABI.c.o   -c /usr/share/cmake-2.8/Modules/CMakeCCompilerABI.c]
  ignore line: [Linking C executable cmTryCompileExec]
  ignore line: [/usr/bin/cmake -E cmake_link_script CMakeFiles/cmTryCompileExec.dir/link.txt --verbose=1]
  ignore line: [/usr/bin/gcc       -v CMakeFiles/cmTryCompileExec.dir/CMakeCCompilerABI.c.o  -o cmTryCompileExec -rdynamic  ]
  ignore line: [Using built-in specs.]
  ignore line: [Target: i486-linux-gnu]
  ignore line: [Configured with: ../src/configure -v --with-pkgversion='Ubuntu 4.4.1-4ubuntu9' --with-bugurl=file:///usr/share/doc/gcc-4.4/README.Bugs --enable-languages=c,c++,fortran,objc,obj-c++ --prefix=/usr --enable-shared --enable-multiarch --enable-linker-build-id --with-system-zlib --libexecdir=/usr/lib --without-included-gettext --enable-threads=posix --with-gxx-include-dir=/usr/include/c++/4.4 --program-suffix=-4.4 --enable-nls --enable-clocale=gnu --enable-libstdcxx-debug --enable-objc-gc --enable-targets=all --disable-werror --with-arch-32=i486 --with-tune=generic --enable-checking=release --build=i486-linux-gnu --host=i486-linux-gnu --target=i486-linux-gnu]
  ignore line: [Thread model: posix]
  ignore line: [gcc version 4.4.1 (Ubuntu 4.4.1-4ubuntu9) ]
  ignore line: [COMPILER_PATH=/usr/lib/gcc/i486-linux-gnu/4.4.1/:/usr/lib/gcc/i486-linux-gnu/4.4.1/:/usr/lib/gcc/i486-linux-gnu/:/usr/lib/gcc/i486-linux-gnu/4.4.1/:/usr/lib/gcc/i486-linux-gnu/:/usr/lib/gcc/i486-linux-gnu/4.4.1/:/usr/lib/gcc/i486-linux-gnu/]
  ignore line: [LIBRARY_PATH=/usr/lib/gcc/i486-linux-gnu/4.4.1/:/usr/lib/gcc/i486-linux-gnu/4.4.1/:/usr/lib/gcc/i486-linux-gnu/4.4.1/../../../../lib/:/lib/../lib/:/usr/lib/../lib/:/usr/lib/gcc/i486-linux-gnu/4.4.1/../../../:/lib/:/usr/lib/:/usr/lib/i486-linux-gnu/]
  ignore line: [COLLECT_GCC_OPTIONS='-v' '-o' 'cmTryCompileExec' '-rdynamic' '-mtune=generic' '-march=i486']
  link line: [ /usr/lib/gcc/i486-linux-gnu/4.4.1/collect2 --build-id --eh-frame-hdr -m elf_i386 --hash-style=both -export-dynamic -dynamic-linker /lib/ld-linux.so.2 -o cmTryCompileExec -z relro /usr/lib/gcc/i486-linux-gnu/4.4.1/../../../../lib/crt1.o /usr/lib/gcc/i486-linux-gnu/4.4.1/../../../../lib/crti.o /usr/lib/gcc/i486-linux-gnu/4.4.1/crtbegin.o -L/usr/lib/gcc/i486-linux-gnu/4.4.1 -L/usr/lib/gcc/i486-linux-gnu/4.4.1 -L/usr/lib/gcc/i486-linux-gnu/4.4.1/../../../../lib -L/lib/../lib -L/usr/lib/../lib -L/usr/lib/gcc/i486-linux-gnu/4.4.1/../../.. -L/usr/lib/i486-linux-gnu CMakeFiles/cmTryCompileExec.dir/CMakeCCompilerABI.c.o -lgcc --as-needed -lgcc_s --no-as-needed -lc -lgcc --as-needed -lgcc_s --no-as-needed /usr/lib/gcc/i486-linux-gnu/4.4.1/crtend.o /usr/lib/gcc/i486-linux-gnu/4.4.1/../../../../lib/crtn.o]
    arg [/usr/lib/gcc/i486-linux-gnu/4.4.1/collect2] ==> ignore
    arg [--build-id] ==> ignore
    arg [--eh-frame-hdr] ==> ignore
    arg [-m] ==> ignore
    arg [elf_i386] ==> ignore
    arg [--hash-style=both] ==> ignore
    arg [-export-dynamic] ==> ignore
    arg [-dynamic-linker] ==> ignore
    arg [/lib/ld-linux.so.2] ==> ignore
    arg [-o] ==> ignore
    arg [cmTryCompileExec] ==> ignore
    arg [-zrelro] ==> ignore
    arg [/usr/lib/gcc/i486-linux-gnu/4.4.1/../../../../lib/crt1.o] ==> ignore
    arg [/usr/lib/gcc/i486-linux-gnu/4.4.1/../../../../lib/crti.o] ==> ignore
    arg [/usr/lib/gcc/i486-linux-gnu/4.4.1/crtbegin.o] ==> ignore
    arg [-L/usr/lib/gcc/i486-linux-gnu/4.4.1] ==> dir [/usr/lib/gcc/i486-linux-gnu/4.4.1]
    arg [-L/usr/lib/gcc/i486-linux-gnu/4.4.1] ==> dir [/usr/lib/gcc/i486-linux-gnu/4.4.1]
    arg [-L/usr/lib/gcc/i486-linux-gnu/4.4.1/../../../../lib] ==> dir [/usr/lib/gcc/i486-linux-gnu/4.4.1/../../../../lib]
    arg [-L/lib/../lib] ==> dir [/lib/../lib]
    arg [-L/usr/lib/../lib] ==> dir [/usr/lib/../lib]
    arg [-L/usr/lib/gcc/i486-linux-gnu/4.4.1/../../..] ==> dir [/usr/lib/gcc/i486-linux-gnu/4.4.1/../../..]
    arg [-L/usr/lib/i486-linux-gnu] ==> dir [/usr/lib/i486-linux-gnu]
    arg [CMakeFiles/cmTryCompileExec.dir/CMakeCCompilerABI.c.o] ==> ignore
    arg [-lgcc] ==> lib [gcc]
    arg [--as-needed] ==> ignore
    arg [-lgcc_s] ==> lib [gcc_s]
    arg [--no-as-needed] ==> ignore
    arg [-lc] ==> lib [c]
    arg [-lgcc] ==> lib [gcc]
    arg [--as-needed] ==> ignore
    arg [-lgcc_s] ==> lib [gcc_s]
    arg [--no-as-needed] ==> ignore
    arg [/usr/lib/gcc/i486-linux-gnu/4.4.1/crtend.o] ==> ignore
    arg [/usr/lib/gcc/i486-linux-gnu/4.4.1/../../../../lib/crtn.o] ==> ignore
  remove lib [gcc]
  remove lib [gcc_s]
  remove lib [gcc]
  remove lib [gcc_s]
  collapse dir [/usr/lib/gcc/i486-linux-gnu/4.4.1] ==> [/usr/lib/gcc/i486-linux-gnu/4.4.1]
  collapse dir [/usr/lib/gcc/i486-linux-gnu/4.4.1] ==> [/usr/lib/gcc/i486-linux-gnu/4.4.1]
  collapse dir [/usr/lib/gcc/i486-linux-gnu/4.4.1/../../../../lib] ==> [/usr/lib]
  collapse dir [/lib/../lib] ==> [/lib]
  collapse dir [/usr/lib/../lib] ==> [/usr/lib]
  collapse dir [/usr/lib/gcc/i486-linux-gnu/4.4.1/../../..] ==> [/usr/lib]
  collapse dir [/usr/lib/i486-linux-gnu] ==> [/usr/lib/i486-linux-gnu]
  implicit libs: [c]
  implicit dirs: [/usr/lib/gcc/i486-linux-gnu/4.4.1;/usr/lib;/lib;/usr/lib/i486-linux-gnu]


Performing C SOURCE FILE Test MOJOSETUP_IS_GCC4 succeded with the following output:
Change Dir: /home/softcoder/Code/mojosetup/build/CMakeFiles/CMakeTmp

Run Build Command:/usr/bin/make "cmTryCompileExec/fast"
/usr/bin/make -f CMakeFiles/cmTryCompileExec.dir/build.make CMakeFiles/cmTryCompileExec.dir/build
make[1]: Entering directory `/home/softcoder/Code/mojosetup/build/CMakeFiles/CMakeTmp'
/usr/bin/cmake -E cmake_progress_report /home/softcoder/Code/mojosetup/build/CMakeFiles/CMakeTmp/CMakeFiles 1
Building C object CMakeFiles/cmTryCompileExec.dir/src.c.o
/usr/bin/gcc   -DMOJOSETUP_IS_GCC4   -o CMakeFiles/cmTryCompileExec.dir/src.c.o   -c /home/softcoder/Code/mojosetup/build/CMakeFiles/CMakeTmp/src.c
Linking C executable cmTryCompileExec
/usr/bin/cmake -E cmake_link_script CMakeFiles/cmTryCompileExec.dir/link.txt --verbose=1
/usr/bin/gcc     -DMOJOSETUP_IS_GCC4   CMakeFiles/cmTryCompileExec.dir/src.c.o  -o cmTryCompileExec -rdynamic 
make[1]: Leaving directory `/home/softcoder/Code/mojosetup/build/CMakeFiles/CMakeTmp'

Source file was:

        #if ((defined(__GNUC__)) && (__GNUC__ >= 4))
        int main(int argc, char **argv) { int is_gcc4 = 1; return 0; }
        #else
        #error This is not gcc4.
        #endif
    
Performing C SOURCE FILE Test MOJOSETUP_GCC_HAS_STACKPROT succeded with the following output:
Change Dir: /home/softcoder/Code/mojosetup/build/CMakeFiles/CMakeTmp

Run Build Command:/usr/bin/make "cmTryCompileExec/fast"
/usr/bin/make -f CMakeFiles/cmTryCompileExec.dir/build.make CMakeFiles/cmTryCompileExec.dir/build
make[1]: Entering directory `/home/softcoder/Code/mojosetup/build/CMakeFiles/CMakeTmp'
/usr/bin/cmake -E cmake_progress_report /home/softcoder/Code/mojosetup/build/CMakeFiles/CMakeTmp/CMakeFiles 1
Building C object CMakeFiles/cmTryCompileExec.dir/src.c.o
/usr/bin/gcc   -DMOJOSETUP_GCC_HAS_STACKPROT   -fno-stack-protector -o CMakeFiles/cmTryCompileExec.dir/src.c.o   -c /home/softcoder/Code/mojosetup/build/CMakeFiles/CMakeTmp/src.c
Linking C executable cmTryCompileExec
/usr/bin/cmake -E cmake_link_script CMakeFiles/cmTryCompileExec.dir/link.txt --verbose=1
/usr/bin/gcc     -DMOJOSETUP_GCC_HAS_STACKPROT   CMakeFiles/cmTryCompileExec.dir/src.c.o  -o cmTryCompileExec -rdynamic 
make[1]: Leaving directory `/home/softcoder/Code/mojosetup/build/CMakeFiles/CMakeTmp'

Source file was:
int main() { return 0;}
Determining if the include file sys/types.h exists passed with the following output:
Change Dir: /home/softcoder/Code/mojosetup/build/CMakeFiles/CMakeTmp

Run Build Command:/usr/bin/make "cmTryCompileExec/fast"
/usr/bin/make -f CMakeFiles/cmTryCompileExec.dir/build.make CMakeFiles/cmTryCompileExec.dir/build
make[1]: Entering directory `/home/softcoder/Code/mojosetup/build/CMakeFiles/CMakeTmp'
/usr/bin/cmake -E cmake_progress_report /home/softcoder/Code/mojosetup/build/CMakeFiles/CMakeTmp/CMakeFiles 1
Building C object CMakeFiles/cmTryCompileExec.dir/CheckIncludeFile.c.o
/usr/bin/gcc    -o CMakeFiles/cmTryCompileExec.dir/CheckIncludeFile.c.o   -c /home/softcoder/Code/mojosetup/build/CMakeFiles/CMakeTmp/CheckIncludeFile.c
Linking C executable cmTryCompileExec
/usr/bin/cmake -E cmake_link_script CMakeFiles/cmTryCompileExec.dir/link.txt --verbose=1
/usr/bin/gcc        CMakeFiles/cmTryCompileExec.dir/CheckIncludeFile.c.o  -o cmTryCompileExec -rdynamic 
make[1]: Leaving directory `/home/softcoder/Code/mojosetup/build/CMakeFiles/CMakeTmp'


Determining if the include file stdint.h exists passed with the following output:
Change Dir: /home/softcoder/Code/mojosetup/build/CMakeFiles/CMakeTmp

Run Build Command:/usr/bin/make "cmTryCompileExec/fast"
/usr/bin/make -f CMakeFiles/cmTryCompileExec.dir/build.make CMakeFiles/cmTryCompileExec.dir/build
make[1]: Entering directory `/home/softcoder/Code/mojosetup/build/CMakeFiles/CMakeTmp'
/usr/bin/cmake -E cmake_progress_report /home/softcoder/Code/mojosetup/build/CMakeFiles/CMakeTmp/CMakeFiles 1
Building C object CMakeFiles/cmTryCompileExec.dir/CheckIncludeFile.c.o
/usr/bin/gcc    -o CMakeFiles/cmTryCompileExec.dir/CheckIncludeFile.c.o   -c /home/softcoder/Code/mojosetup/build/CMakeFiles/CMakeTmp/CheckIncludeFile.c
Linking C executable cmTryCompileExec
/usr/bin/cmake -E cmake_link_script CMakeFiles/cmTryCompileExec.dir/link.txt --verbose=1
/usr/bin/gcc        CMakeFiles/cmTryCompileExec.dir/CheckIncludeFile.c.o  -o cmTryCompileExec -rdynamic 
make[1]: Leaving directory `/home/softcoder/Code/mojosetup/build/CMakeFiles/CMakeTmp'


Determining if the include file stddef.h exists passed with the following output:
Change Dir: /home/softcoder/Code/mojosetup/build/CMakeFiles/CMakeTmp

Run Build Command:/usr/bin/make "cmTryCompileExec/fast"
/usr/bin/make -f CMakeFiles/cmTryCompileExec.dir/build.make CMakeFiles/cmTryCompileExec.dir/build
make[1]: Entering directory `/home/softcoder/Code/mojosetup/build/CMakeFiles/CMakeTmp'
/usr/bin/cmake -E cmake_progress_report /home/softcoder/Code/mojosetup/build/CMakeFiles/CMakeTmp/CMakeFiles 1
Building C object CMakeFiles/cmTryCompileExec.dir/CheckIncludeFile.c.o
/usr/bin/gcc    -o CMakeFiles/cmTryCompileExec.dir/CheckIncludeFile.c.o   -c /home/softcoder/Code/mojosetup/build/CMakeFiles/CMakeTmp/CheckIncludeFile.c
Linking C executable cmTryCompileExec
/usr/bin/cmake -E cmake_link_script CMakeFiles/cmTryCompileExec.dir/link.txt --verbose=1
/usr/bin/gcc        CMakeFiles/cmTryCompileExec.dir/CheckIncludeFile.c.o  -o cmTryCompileExec -rdynamic 
make[1]: Leaving directory `/home/softcoder/Code/mojosetup/build/CMakeFiles/CMakeTmp'


Determining size of unsigned short passed with the following output:
Change Dir: /home/softcoder/Code/mojosetup/build/CMakeFiles/CMakeTmp

Run Build Command:/usr/bin/make "cmTryCompileExec/fast"
/usr/bin/make -f CMakeFiles/cmTryCompileExec.dir/build.make CMakeFiles/cmTryCompileExec.dir/build
make[1]: Entering directory `/home/softcoder/Code/mojosetup/build/CMakeFiles/CMakeTmp'
/usr/bin/cmake -E cmake_progress_report /home/softcoder/Code/mojosetup/build/CMakeFiles/CMakeTmp/CMakeFiles 1
Building C object CMakeFiles/cmTryCompileExec.dir/CheckTypeSizeC.c.o
/usr/bin/gcc   -DHAVE_SYS_TYPES_H -DHAVE_STDINT_H -DHAVE_STDDEF_H   -o CMakeFiles/cmTryCompileExec.dir/CheckTypeSizeC.c.o   -c /home/softcoder/Code/mojosetup/build/CMakeFiles/CMakeTmp/CheckTypeSizeC.c
Linking C executable cmTryCompileExec
/usr/bin/cmake -E cmake_link_script CMakeFiles/cmTryCompileExec.dir/link.txt --verbose=1
/usr/bin/gcc      -DHAVE_SYS_TYPES_H -DHAVE_STDINT_H -DHAVE_STDDEF_H   CMakeFiles/cmTryCompileExec.dir/CheckTypeSizeC.c.o  -o cmTryCompileExec -rdynamic 
make[1]: Leaving directory `/home/softcoder/Code/mojosetup/build/CMakeFiles/CMakeTmp'


Determining if files pthread.h exist passed with the following output:
Change Dir: /home/softcoder/Code/mojosetup/build/CMakeFiles/CMakeTmp

Run Build Command:/usr/bin/make "cmTryCompileExec/fast"
/usr/bin/make -f CMakeFiles/cmTryCompileExec.dir/build.make CMakeFiles/cmTryCompileExec.dir/build
make[1]: Entering directory `/home/softcoder/Code/mojosetup/build/CMakeFiles/CMakeTmp'
/usr/bin/cmake -E cmake_progress_report /home/softcoder/Code/mojosetup/build/CMakeFiles/CMakeTmp/CMakeFiles 1
Building C object CMakeFiles/cmTryCompileExec.dir/CheckIncludeFiles.c.o
/usr/bin/gcc    -o CMakeFiles/cmTryCompileExec.dir/CheckIncludeFiles.c.o   -c /home/softcoder/Code/mojosetup/build/CMakeFiles/CMakeTmp/CheckIncludeFiles.c
Linking C executable cmTryCompileExec
/usr/bin/cmake -E cmake_link_script CMakeFiles/cmTryCompileExec.dir/link.txt --verbose=1
/usr/bin/gcc        CMakeFiles/cmTryCompileExec.dir/CheckIncludeFiles.c.o  -o cmTryCompileExec -rdynamic 
make[1]: Leaving directory `/home/softcoder/Code/mojosetup/build/CMakeFiles/CMakeTmp'


Determining if the function pthread_create exists in the pthread passed with the following output:
Change Dir: /home/softcoder/Code/mojosetup/build/CMakeFiles/CMakeTmp

Run Build Command:/usr/bin/make "cmTryCompileExec/fast"
/usr/bin/make -f CMakeFiles/cmTryCompileExec.dir/build.make CMakeFiles/cmTryCompileExec.dir/build
make[1]: Entering directory `/home/softcoder/Code/mojosetup/build/CMakeFiles/CMakeTmp'
/usr/bin/cmake -E cmake_progress_report /home/softcoder/Code/mojosetup/build/CMakeFiles/CMakeTmp/CMakeFiles 1
Building C object CMakeFiles/cmTryCompileExec.dir/CheckFunctionExists.c.o
/usr/bin/gcc   -DCHECK_FUNCTION_EXISTS=pthread_create   -o CMakeFiles/cmTryCompileExec.dir/CheckFunctionExists.c.o   -c /usr/share/cmake-2.8/Modules/CheckFunctionExists.c
Linking C executable cmTryCompileExec
/usr/bin/cmake -E cmake_link_script CMakeFiles/cmTryCompileExec.dir/link.txt --verbose=1
/usr/bin/gcc     -DCHECK_FUNCTION_EXISTS=pthread_create   CMakeFiles/cmTryCompileExec.dir/CheckFunctionExists.c.o  -o cmTryCompileExec -rdynamic -lpthread 
make[1]: Leaving directory `/home/softcoder/Code/mojosetup/build/CMakeFiles/CMakeTmp'


Determining if the include file zlib.h exists passed with the following output:
Change Dir: /home/softcoder/Code/mojosetup/build/CMakeFiles/CMakeTmp

Run Build Command:/usr/bin/make "cmTryCompileExec/fast"
/usr/bin/make -f CMakeFiles/cmTryCompileExec.dir/build.make CMakeFiles/cmTryCompileExec.dir/build
make[1]: Entering directory `/home/softcoder/Code/mojosetup/build/CMakeFiles/CMakeTmp'
/usr/bin/cmake -E cmake_progress_report /home/softcoder/Code/mojosetup/build/CMakeFiles/CMakeTmp/CMakeFiles 1
Building C object CMakeFiles/cmTryCompileExec.dir/CheckIncludeFile.c.o
/usr/bin/gcc    -o CMakeFiles/cmTryCompileExec.dir/CheckIncludeFile.c.o   -c /home/softcoder/Code/mojosetup/build/CMakeFiles/CMakeTmp/CheckIncludeFile.c
Linking C executable cmTryCompileExec
/usr/bin/cmake -E cmake_link_script CMakeFiles/cmTryCompileExec.dir/link.txt --verbose=1
/usr/bin/gcc        CMakeFiles/cmTryCompileExec.dir/CheckIncludeFile.c.o  -o cmTryCompileExec -rdynamic 
make[1]: Leaving directory `/home/softcoder/Code/mojosetup/build/CMakeFiles/CMakeTmp'


Determining if the function inflate exists in the z passed with the following output:
Change Dir: /home/softcoder/Code/mojosetup/build/CMakeFiles/CMakeTmp

Run Build Command:/usr/bin/make "cmTryCompileExec/fast"
/usr/bin/make -f CMakeFiles/cmTryCompileExec.dir/build.make CMakeFiles/cmTryCompileExec.dir/build
make[1]: Entering directory `/home/softcoder/Code/mojosetup/build/CMakeFiles/CMakeTmp'
/usr/bin/cmake -E cmake_progress_report /home/softcoder/Code/mojosetup/build/CMakeFiles/CMakeTmp/CMakeFiles 1
Building C object CMakeFiles/cmTryCompileExec.dir/CheckFunctionExists.c.o
/usr/bin/gcc   -DCHECK_FUNCTION_EXISTS=inflate   -o CMakeFiles/cmTryCompileExec.dir/CheckFunctionExists.c.o   -c /usr/share/cmake-2.8/Modules/CheckFunctionExists.c
Linking C executable cmTryCompileExec
/usr/bin/cmake -E cmake_link_script CMakeFiles/cmTryCompileExec.dir/link.txt --verbose=1
/usr/bin/gcc     -DCHECK_FUNCTION_EXISTS=inflate   CMakeFiles/cmTryCompileExec.dir/CheckFunctionExists.c.o  -o cmTryCompileExec -rdynamic -lz 
make[1]: Leaving directory `/home/softcoder/Code/mojosetup/build/CMakeFiles/CMakeTmp'


Determining if the include file bzlib.h exists passed with the following output:
Change Dir: /home/softcoder/Code/mojosetup/build/CMakeFiles/CMakeTmp

Run Build Command:/usr/bin/make "cmTryCompileExec/fast"
/usr/bin/make -f CMakeFiles/cmTryCompileExec.dir/build.make CMakeFiles/cmTryCompileExec.dir/build
make[1]: Entering directory `/home/softcoder/Code/mojosetup/build/CMakeFiles/CMakeTmp'
/usr/bin/cmake -E cmake_progress_report /home/softcoder/Code/mojosetup/build/CMakeFiles/CMakeTmp/CMakeFiles 1
Building C object CMakeFiles/cmTryCompileExec.dir/CheckIncludeFile.c.o
/usr/bin/gcc    -o CMakeFiles/cmTryCompileExec.dir/CheckIncludeFile.c.o   -c /home/softcoder/Code/mojosetup/build/CMakeFiles/CMakeTmp/CheckIncludeFile.c
Linking C executable cmTryCompileExec
/usr/bin/cmake -E cmake_link_script CMakeFiles/cmTryCompileExec.dir/link.txt --verbose=1
/usr/bin/gcc        CMakeFiles/cmTryCompileExec.dir/CheckIncludeFile.c.o  -o cmTryCompileExec -rdynamic 
make[1]: Leaving directory `/home/softcoder/Code/mojosetup/build/CMakeFiles/CMakeTmp'


Determining if the function BZ2_bzDecompress exists in the bz2 passed with the following output:
Change Dir: /home/softcoder/Code/mojosetup/build/CMakeFiles/CMakeTmp

Run Build Command:/usr/bin/make "cmTryCompileExec/fast"
/usr/bin/make -f CMakeFiles/cmTryCompileExec.dir/build.make CMakeFiles/cmTryCompileExec.dir/build
make[1]: Entering directory `/home/softcoder/Code/mojosetup/build/CMakeFiles/CMakeTmp'
/usr/bin/cmake -E cmake_progress_report /home/softcoder/Code/mojosetup/build/CMakeFiles/CMakeTmp/CMakeFiles 1
Building C object CMakeFiles/cmTryCompileExec.dir/CheckFunctionExists.c.o
/usr/bin/gcc   -DCHECK_FUNCTION_EXISTS=BZ2_bzDecompress   -o CMakeFiles/cmTryCompileExec.dir/CheckFunctionExists.c.o   -c /usr/share/cmake-2.8/Modules/CheckFunctionExists.c
Linking C executable cmTryCompileExec
/usr/bin/cmake -E cmake_link_script CMakeFiles/cmTryCompileExec.dir/link.txt --verbose=1
/usr/bin/gcc     -DCHECK_FUNCTION_EXISTS=BZ2_bzDecompress   CMakeFiles/cmTryCompileExec.dir/CheckFunctionExists.c.o  -o cmTryCompileExec -rdynamic -lbz2 
make[1]: Leaving directory `/home/softcoder/Code/mojosetup/build/CMakeFiles/CMakeTmp'


Determining if the include file mntent.h exists passed with the following output:
Change Dir: /home/softcoder/Code/mojosetup/build/CMakeFiles/CMakeTmp

Run Build Command:/usr/bin/make "cmTryCompileExec/fast"
/usr/bin/make -f CMakeFiles/cmTryCompileExec.dir/build.make CMakeFiles/cmTryCompileExec.dir/build
make[1]: Entering directory `/home/softcoder/Code/mojosetup/build/CMakeFiles/CMakeTmp'
/usr/bin/cmake -E cmake_progress_report /home/softcoder/Code/mojosetup/build/CMakeFiles/CMakeTmp/CMakeFiles 1
Building C object CMakeFiles/cmTryCompileExec.dir/CheckIncludeFile.c.o
/usr/bin/gcc    -o CMakeFiles/cmTryCompileExec.dir/CheckIncludeFile.c.o   -c /home/softcoder/Code/mojosetup/build/CMakeFiles/CMakeTmp/CheckIncludeFile.c
Linking C executable cmTryCompileExec
/usr/bin/cmake -E cmake_link_script CMakeFiles/cmTryCompileExec.dir/link.txt --verbose=1
/usr/bin/gcc        CMakeFiles/cmTryCompileExec.dir/CheckIncludeFile.c.o  -o cmTryCompileExec -rdynamic 
make[1]: Leaving directory `/home/softcoder/Code/mojosetup/build/CMakeFiles/CMakeTmp'


Determining if the function dlopen exists in the dl passed with the following output:
Change Dir: /home/softcoder/Code/mojosetup/build/CMakeFiles/CMakeTmp

Run Build Command:/usr/bin/make "cmTryCompileExec/fast"
/usr/bin/make -f CMakeFiles/cmTryCompileExec.dir/build.make CMakeFiles/cmTryCompileExec.dir/build
make[1]: Entering directory `/home/softcoder/Code/mojosetup/build/CMakeFiles/CMakeTmp'
/usr/bin/cmake -E cmake_progress_report /home/softcoder/Code/mojosetup/build/CMakeFiles/CMakeTmp/CMakeFiles 1
Building C object CMakeFiles/cmTryCompileExec.dir/CheckFunctionExists.c.o
/usr/bin/gcc   -DCHECK_FUNCTION_EXISTS=dlopen   -o CMakeFiles/cmTryCompileExec.dir/CheckFunctionExists.c.o   -c /usr/share/cmake-2.8/Modules/CheckFunctionExists.c
Linking C executable cmTryCompileExec
/usr/bin/cmake -E cmake_link_script CMakeFiles/cmTryCompileExec.dir/link.txt --verbose=1
/usr/bin/gcc     -DCHECK_FUNCTION_EXISTS=dlopen   CMakeFiles/cmTryCompileExec.dir/CheckFunctionExists.c.o  -o cmTryCompileExec -rdynamic -ldl 
make[1]: Leaving directory `/home/softcoder/Code/mojosetup/build/CMakeFiles/CMakeTmp'


Determining if the function sin exists in the m passed with the following output:
Change Dir: /home/softcoder/Code/mojosetup/build/CMakeFiles/CMakeTmp

Run Build Command:/usr/bin/make "cmTryCompileExec/fast"
/usr/bin/make -f CMakeFiles/cmTryCompileExec.dir/build.make CMakeFiles/cmTryCompileExec.dir/build
make[1]: Entering directory `/home/softcoder/Code/mojosetup/build/CMakeFiles/CMakeTmp'
/usr/bin/cmake -E cmake_progress_report /home/softcoder/Code/mojosetup/build/CMakeFiles/CMakeTmp/CMakeFiles 1
Building C object CMakeFiles/cmTryCompileExec.dir/CheckFunctionExists.c.o
/usr/bin/gcc   -DCHECK_FUNCTION_EXISTS=sin   -o CMakeFiles/cmTryCompileExec.dir/CheckFunctionExists.c.o   -c /usr/share/cmake-2.8/Modules/CheckFunctionExists.c
/usr/share/cmake-2.8/Modules/CheckFunctionExists.c:3: warning: conflicting types for built-in function ‘sin’
Linking C executable cmTryCompileExec
/usr/bin/cmake -E cmake_link_script CMakeFiles/cmTryCompileExec.dir/link.txt --verbose=1
/usr/bin/gcc     -DCHECK_FUNCTION_EXISTS=sin   CMakeFiles/cmTryCompileExec.dir/CheckFunctionExists.c.o  -o cmTryCompileExec -rdynamic -lm 
make[1]: Leaving directory `/home/softcoder/Code/mojosetup/build/CMakeFiles/CMakeTmp'


